<?xml version="1.0" encoding="UTF-8"?>
<coverage generated="1724255081870" clover="3.2.0">
  <project timestamp="1724255081870" name="All files">
    <metrics statements="9" coveredstatements="8" conditionals="0" coveredconditionals="0" methods="5" coveredmethods="3" elements="14" coveredelements="11" complexity="0" loc="9" ncloc="9" packages="2" files="3" classes="3"/>
    <package name="app">
      <metrics statements="5" coveredstatements="5" conditionals="0" coveredconditionals="0" methods="1" coveredmethods="1"/>
      <file name="app.component.html" path="C:\Users\koenr\OneDrive\Bureaublad\Spilberg\AngularTraining\Angular Testing\AngularTesting_Workspace\1 UnitTesting_Demo\UnitTesting_Demo\src\app\app.component.html">
        <metrics statements="1" coveredstatements="1" conditionals="0" coveredconditionals="0" methods="0" coveredmethods="0"/>
        <line num="1" count="1" type="stmt"/>
      </file>
      <file name="app.component.ts" path="C:\Users\koenr\OneDrive\Bureaublad\Spilberg\AngularTraining\Angular Testing\AngularTesting_Workspace\1 UnitTesting_Demo\UnitTesting_Demo\src\app\app.component.ts">
        <metrics statements="4" coveredstatements="4" conditionals="0" coveredconditionals="0" methods="1" coveredmethods="1"/>
        <line num="1" count="1" type="stmt"/>
        <line num="2" count="1" type="stmt"/>
        <line num="11" count="1" type="stmt"/>
        <line num="12" count="3" type="stmt"/>
      </file>
    </package>
    <package name="utils">
      <metrics statements="4" coveredstatements="3" conditionals="0" coveredconditionals="0" methods="4" coveredmethods="2"/>
      <file name="utils.ts" path="C:\Users\koenr\OneDrive\Bureaublad\Spilberg\AngularTraining\Angular Testing\AngularTesting_Workspace\1 UnitTesting_Demo\UnitTesting_Demo\src\utils\utils.ts">
        <metrics statements="4" coveredstatements="3" conditionals="0" coveredconditionals="0" methods="4" coveredmethods="2"/>
        <line num="1" count="1" type="stmt"/>
        <line num="2" count="7" type="stmt"/>
        <line num="5" count="1" type="stmt"/>
        <line num="6" count="0" type="stmt"/>
      </file>
    </package>
  </project>
</coverage>
