{"C:\\Users\\koenr\\OneDrive\\Bureaublad\\Spilberg\\AngularTraining\\Angular Testing\\AngularTesting_Workspace\\1 UnitTesting_Demo\\UnitTesting_Demo\\src\\app\\app.component.html": {"path":"C:\\Users\\koenr\\OneDrive\\Bureaublad\\Spilberg\\AngularTraining\\Angular Testing\\AngularTesting_Workspace\\1 UnitTesting_Demo\\UnitTesting_Demo\\src\\app\\app.component.html","statementMap":{"0":{"start":{"line":1,"column":0},"end":{"line":1,"column":21130}}},"fnMap":{},"branchMap":{},"s":{"0":1},"f":{},"b":{},"_coverageSchema":"1a1c01bbd47fc00a2c39e90264f33305004495a9","hash":"72110c7450db9a30a4652d939e1de9617398f41d"}
,"C:\\Users\\koenr\\OneDrive\\Bureaublad\\Spilberg\\AngularTraining\\Angular Testing\\AngularTesting_Workspace\\1 UnitTesting_Demo\\UnitTesting_Demo\\src\\app\\app.component.ts": {"path":"C:\\Users\\koenr\\OneDrive\\Bureaublad\\Spilberg\\AngularTraining\\Angular Testing\\AngularTesting_Workspace\\1 UnitTesting_Demo\\UnitTesting_Demo\\src\\app\\app.component.ts","statementMap":{"0":{"start":{"line":1,"column":0},"end":{"line":1,"column":42}},"1":{"start":{"line":2,"column":0},"end":{"line":2,"column":47}},"2":{"start":{"line":11,"column":7},"end":{"line":13,"column":null}},"3":{"start":{"line":12,"column":2},"end":{"line":12,"column":29}},"4":{"start":{"line":11,"column":13},"end":{"line":11,"column":25}},"5":{"start":{"line":11,"column":13},"end":{"line":13,"column":null}}},"fnMap":{"0":{"name":"(anonymous_0)","decl":{"start":{"line":11,"column":7},"end":{"line":11,"column":13}},"loc":{"start":{"line":11,"column":7},"end":{"line":13,"column":1}}}},"branchMap":{},"s":{"0":1,"1":1,"2":1,"3":3,"4":1,"5":1},"f":{"0":3},"b":{}}
,"C:\\Users\\koenr\\OneDrive\\Bureaublad\\Spilberg\\AngularTraining\\Angular Testing\\AngularTesting_Workspace\\1 UnitTesting_Demo\\UnitTesting_Demo\\src\\utils\\utils.ts": {"path":"C:\\Users\\koenr\\OneDrive\\Bureaublad\\Spilberg\\AngularTraining\\Angular Testing\\AngularTesting_Workspace\\1 UnitTesting_Demo\\UnitTesting_Demo\\src\\utils\\utils.ts","statementMap":{"0":{"start":{"line":1,"column":21},"end":{"line":3,"column":1}},"1":{"start":{"line":2,"column":2},"end":{"line":2,"column":64}},"2":{"start":{"line":2,"column":52},"end":{"line":2,"column":62}},"3":{"start":{"line":1,"column":13},"end":{"line":1,"column":21}},"4":{"start":{"line":5,"column":21},"end":{"line":7,"column":1}},"5":{"start":{"line":6,"column":2},"end":{"line":6,"column":41}},"6":{"start":{"line":6,"column":30},"end":{"line":6,"column":39}},"7":{"start":{"line":5,"column":13},"end":{"line":5,"column":21}}},"fnMap":{"0":{"name":"(anonymous_0)","decl":{"start":{"line":1,"column":21},"end":{"line":1,"column":22}},"loc":{"start":{"line":1,"column":62},"end":{"line":3,"column":1}}},"1":{"name":"(anonymous_1)","decl":{"start":{"line":2,"column":44},"end":{"line":2,"column":45}},"loc":{"start":{"line":2,"column":52},"end":{"line":2,"column":62}}},"2":{"name":"(anonymous_2)","decl":{"start":{"line":5,"column":21},"end":{"line":5,"column":22}},"loc":{"start":{"line":5,"column":56},"end":{"line":7,"column":1}}},"3":{"name":"(anonymous_3)","decl":{"start":{"line":6,"column":22},"end":{"line":6,"column":23}},"loc":{"start":{"line":6,"column":30},"end":{"line":6,"column":39}}}},"branchMap":{},"s":{"0":1,"1":2,"2":7,"3":1,"4":1,"5":0,"6":0,"7":1},"f":{"0":2,"1":7,"2":0,"3":0},"b":{}}
}
