TN:
SF:src\app\app.component.html
FNF:0
FNH:0
DA:1,1
LF:1
LH:1
BRF:0
BRH:0
end_of_record
TN:
SF:src\app\app.component.ts
FN:11,(anonymous_0)
FNF:1
FNH:1
FNDA:3,(anonymous_0)
DA:1,1
DA:2,1
DA:11,1
DA:12,3
LF:4
LH:4
BRF:0
BRH:0
end_of_record
TN:
SF:src\utils\utils.ts
FN:1,(anonymous_0)
FN:2,(anonymous_1)
FN:5,(anonymous_2)
FN:6,(anonymous_3)
FNF:4
FNH:2
FNDA:2,(anonymous_0)
FNDA:7,(anonymous_1)
FNDA:0,(anonymous_2)
FNDA:0,(anonymous_3)
DA:1,1
DA:2,7
DA:5,1
DA:6,0
LF:4
LH:3
BRF:0
BRH:0
end_of_record
